<?xml version="1.0" encoding="UTF-8"?>
<!-- Generated by org.testng.reporters.JUnitXMLReporter -->
<testsuite hostname="DESKTOP-2RDQBM1" ignored="2" name="Add Patient" tests="1" failures="0" timestamp="19 Nov 2020 09:08:11 GMT" time="68.235" errors="0">
  <testcase name="Update_Order" time="68.209" classname="com.LalPathLabs.Tests.AddPatientTests"/>
  <testcase name="Order_Modification" time="0.0" classname="com.LalPathLabs.Tests.AddPatientTests">
    <ignored/>
  </testcase> <!-- Order_Modification -->
  <testcase name="Add_Patient" time="0.0" classname="com.LalPathLabs.Tests.AddPatientTests">
    <ignored/>
  </testcase> <!-- Add_Patient -->
</testsuite> <!-- Add Patient -->
