<?xml version="1.0" encoding="UTF-8"?>
<testng-results skipped="0" failed="0" ignored="2" total="4" passed="2">
  <reporter-output>
  </reporter-output>
  <suite name="Suite" duration-ms="65187" started-at="2020-11-22T15:06:20Z" finished-at="2020-11-22T15:07:25Z">
    <groups>
    </groups>
    <test name="Base" duration-ms="10515" started-at="2020-11-22T15:06:20Z" finished-at="2020-11-22T15:06:30Z">
      <class name="com.LalPathLabs.Utilities.BaseClass">
        <test-method status="PASS" signature="loadBrowser()[pri:0, instance:com.LalPathLabs.Utilities.BaseClass@76f2b07d]" name="loadBrowser" is-config="true" duration-ms="10512" started-at="2020-11-22T15:06:20Z" finished-at="2020-11-22T15:06:30Z">
          <reporter-output>
          </reporter-output>
        </test-method> <!-- loadBrowser -->
      </class> <!-- com.LalPathLabs.Utilities.BaseClass -->
    </test> <!-- Base -->
    <test name="Login" duration-ms="5479" started-at="2020-11-22T15:06:30Z" finished-at="2020-11-22T15:06:36Z">
      <class name="com.LalPathLabs.Tests.LoginTests">
        <test-method status="PASS" signature="setUp()[pri:0, instance:com.LalPathLabs.Tests.LoginTests@36b4cef0]" name="setUp" is-config="true" duration-ms="70" started-at="2020-11-22T15:06:30Z" finished-at="2020-11-22T15:06:30Z">
          <reporter-output>
          </reporter-output>
        </test-method> <!-- setUp -->
        <test-method status="PASS" signature="Valid_Creds(java.lang.String, java.lang.String)[pri:1, instance:com.LalPathLabs.Tests.LoginTests@36b4cef0]" name="Valid_Creds" duration-ms="5060" started-at="2020-11-22T15:06:31Z" data-provider="TestData" finished-at="2020-11-22T15:06:36Z">
          <params>
            <param index="0">
              <value>
                <![CDATA[Dilip]]>
              </value>
            </param>
            <param index="1">
              <value>
                <![CDATA[63764554]]>
              </value>
            </param>
          </params>
          <reporter-output>
          </reporter-output>
        </test-method> <!-- Valid_Creds -->
      </class> <!-- com.LalPathLabs.Tests.LoginTests -->
    </test> <!-- Login -->
    <test name="Add Patient" duration-ms="49152" started-at="2020-11-22T15:06:36Z" finished-at="2020-11-22T15:07:25Z">
      <class name="com.LalPathLabs.Tests.AddPatientTests">
        <test-method status="PASS" signature="setUp()[pri:0, instance:com.LalPathLabs.Tests.AddPatientTests@1d8d30f7]" name="setUp" is-config="true" duration-ms="3" started-at="2020-11-22T15:06:36Z" finished-at="2020-11-22T15:06:36Z">
          <reporter-output>
          </reporter-output>
        </test-method> <!-- setUp -->
        <test-method status="PASS" signature="Update_Order(java.lang.String, java.lang.String, java.lang.String, java.lang.String, java.lang.String, java.lang.String)[pri:2, instance:com.LalPathLabs.Tests.AddPatientTests@1d8d30f7]" name="Update_Order" duration-ms="49133" started-at="2020-11-22T15:06:36Z" data-provider="TestData" finished-at="2020-11-22T15:07:25Z">
          <params>
            <param index="0">
              <value>
                <![CDATA[7891778596]]>
              </value>
            </param>
            <param index="1">
              <value>
                <![CDATA[Patient3]]>
              </value>
            </param>
            <param index="2">
              <value>
                <![CDATA[caller2]]>
              </value>
            </param>
            <param index="3">
              <value>
                <![CDATA[Family]]>
              </value>
            </param>
            <param index="4">
              <value>
                <![CDATA[Z284,N228]]>
              </value>
            </param>
            <param index="5">
              <value>
                <![CDATA[gud10]]>
              </value>
            </param>
          </params>
          <reporter-output>
          </reporter-output>
        </test-method> <!-- Update_Order -->
      </class> <!-- com.LalPathLabs.Tests.AddPatientTests -->
      <class name="com.LalPathLabs.Utilities.BaseClass">
        <test-method status="PASS" signature="begin()[pri:0, instance:com.LalPathLabs.Utilities.BaseClass@76f2b07d]" name="begin" is-config="true" duration-ms="255" started-at="2020-11-22T15:06:19Z" finished-at="2020-11-22T15:06:20Z">
          <reporter-output>
          </reporter-output>
        </test-method> <!-- begin -->
      </class> <!-- com.LalPathLabs.Utilities.BaseClass -->
    </test> <!-- Add Patient -->
  </suite> <!-- Suite -->
</testng-results>
