<?xml version="1.0" encoding="UTF-8"?>
<testng-results skipped="0" failed="0" ignored="2" total="4" passed="2">
  <reporter-output>
  </reporter-output>
  <suite name="Suite" duration-ms="130924" started-at="2020-11-19T09:06:00Z" finished-at="2020-11-19T09:08:11Z">
    <groups>
    </groups>
    <test name="Base" duration-ms="57172" started-at="2020-11-19T09:06:00Z" finished-at="2020-11-19T09:06:58Z">
      <class name="com.LalPathLabs.Utilities.BaseClass">
        <test-method status="PASS" signature="loadBrowser()[pri:0, instance:com.LalPathLabs.Utilities.BaseClass@4c762604]" name="loadBrowser" is-config="true" duration-ms="57161" started-at="2020-11-19T09:06:00Z" finished-at="2020-11-19T09:06:58Z">
          <reporter-output>
          </reporter-output>
        </test-method> <!-- loadBrowser -->
      </class> <!-- com.LalPathLabs.Utilities.BaseClass -->
    </test> <!-- Base -->
    <test name="Login" duration-ms="5472" started-at="2020-11-19T09:06:58Z" finished-at="2020-11-19T09:07:03Z">
      <class name="com.LalPathLabs.Tests.LoginTests">
        <test-method status="PASS" signature="setUp()[pri:0, instance:com.LalPathLabs.Tests.LoginTests@8b87145]" name="setUp" is-config="true" duration-ms="12" started-at="2020-11-19T09:06:58Z" finished-at="2020-11-19T09:06:58Z">
          <reporter-output>
          </reporter-output>
        </test-method> <!-- setUp -->
        <test-method status="PASS" signature="Valid_Creds(java.lang.String, java.lang.String)[pri:1, instance:com.LalPathLabs.Tests.LoginTests@8b87145]" name="Valid_Creds" duration-ms="5157" started-at="2020-11-19T09:06:58Z" data-provider="TestData" finished-at="2020-11-19T09:07:03Z">
          <params>
            <param index="0">
              <value>
                <![CDATA[Dilip]]>
              </value>
            </param>
            <param index="1">
              <value>
                <![CDATA[63764554]]>
              </value>
            </param>
          </params>
          <reporter-output>
          </reporter-output>
        </test-method> <!-- Valid_Creds -->
      </class> <!-- com.LalPathLabs.Tests.LoginTests -->
    </test> <!-- Login -->
    <test name="Add Patient" duration-ms="68235" started-at="2020-11-19T09:07:03Z" finished-at="2020-11-19T09:08:11Z">
      <class name="com.LalPathLabs.Tests.AddPatientTests">
        <test-method status="PASS" signature="setUp()[pri:0, instance:com.LalPathLabs.Tests.AddPatientTests@543e710e]" name="setUp" is-config="true" duration-ms="6" started-at="2020-11-19T09:07:03Z" finished-at="2020-11-19T09:07:03Z">
          <reporter-output>
          </reporter-output>
        </test-method> <!-- setUp -->
        <test-method status="PASS" signature="Update_Order(java.lang.String, java.lang.String, java.lang.String, java.lang.String, java.lang.String, java.lang.String)[pri:2, instance:com.LalPathLabs.Tests.AddPatientTests@543e710e]" name="Update_Order" duration-ms="68209" started-at="2020-11-19T09:07:03Z" data-provider="TestData" finished-at="2020-11-19T09:08:11Z">
          <params>
            <param index="0">
              <value>
                <![CDATA[7891778596]]>
              </value>
            </param>
            <param index="1">
              <value>
                <![CDATA[Patient3]]>
              </value>
            </param>
            <param index="2">
              <value>
                <![CDATA[caller2]]>
              </value>
            </param>
            <param index="3">
              <value>
                <![CDATA[Family]]>
              </value>
            </param>
            <param index="4">
              <value>
                <![CDATA[Z284,N228]]>
              </value>
            </param>
            <param index="5">
              <value>
                <![CDATA[gud10]]>
              </value>
            </param>
          </params>
          <reporter-output>
          </reporter-output>
        </test-method> <!-- Update_Order -->
      </class> <!-- com.LalPathLabs.Tests.AddPatientTests -->
      <class name="com.LalPathLabs.Utilities.BaseClass">
        <test-method status="PASS" signature="begin()[pri:0, instance:com.LalPathLabs.Utilities.BaseClass@4c762604]" name="begin" is-config="true" duration-ms="241" started-at="2020-11-19T09:06:00Z" finished-at="2020-11-19T09:06:00Z">
          <reporter-output>
          </reporter-output>
        </test-method> <!-- begin -->
      </class> <!-- com.LalPathLabs.Utilities.BaseClass -->
    </test> <!-- Add Patient -->
  </suite> <!-- Suite -->
</testng-results>
